e:\github3\cpp\bpython\src\python-3.12.2\pcbuild\obj\312win32_release\_freeze_module\vc142.pdb
e:\github3\cpp\bpython\src\python-3.12.2\pcbuild\obj\312win32_release\_freeze_module\sysmodule.obj
e:\github3\cpp\bpython\src\python-3.12.2\pcbuild\obj\312win32_release\_freeze_module\config_minimal.obj
e:\github3\cpp\bpython\src\python-3.12.2\pcbuild\obj\312win32_release\_freeze_module\exceptions.obj
e:\github3\cpp\bpython\src\python-3.12.2\pcbuild\obj\312win32_release\_freeze_module\pegen_errors.obj
e:\github3\cpp\bpython\src\python-3.12.2\pcbuild\obj\312win32_release\_freeze_module\ceval.obj
e:\github3\cpp\bpython\src\python-3.12.2\pcbuild\obj\312win32_release\_freeze_module\timemodule.obj
e:\github3\cpp\bpython\src\python-3.12.2\pcbuild\obj\312win32_release\_freeze_module\setobject.obj
e:\github3\cpp\bpython\src\python-3.12.2\pcbuild\obj\312win32_release\_freeze_module\fileutils.obj
e:\github3\cpp\bpython\src\python-3.12.2\pcbuild\obj\312win32_release\_freeze_module\pytime.obj
e:\github3\cpp\bpython\src\python-3.12.2\pcbuild\obj\312win32_release\_freeze_module\complexobject.obj
e:\github3\cpp\bpython\src\python-3.12.2\pcbuild\obj\312win32_release\_freeze_module\unionobject.obj
e:\github3\cpp\bpython\src\python-3.12.2\pcbuild\obj\312win32_release\_freeze_module\dynload_win.obj
e:\github3\cpp\bpython\src\python-3.12.2\pcbuild\obj\312win32_release\_freeze_module\pylifecycle.obj
e:\github3\cpp\bpython\src\python-3.12.2\pcbuild\obj\312win32_release\_freeze_module\cellobject.obj
e:\github3\cpp\bpython\src\python-3.12.2\pcbuild\obj\312win32_release\_freeze_module\picklebufobject.obj
e:\github3\cpp\bpython\src\python-3.12.2\pcbuild\obj\312win32_release\_freeze_module\tokenizer.obj
e:\github3\cpp\bpython\src\python-3.12.2\pcbuild\obj\312win32_release\_freeze_module\intrinsics.obj
e:\github3\cpp\bpython\src\python-3.12.2\pcbuild\obj\312win32_release\_freeze_module\_tracemalloc.obj
e:\github3\cpp\bpython\src\python-3.12.2\pcbuild\obj\312win32_release\_freeze_module\genobject.obj
e:\github3\cpp\bpython\src\python-3.12.2\pcbuild\obj\312win32_release\_freeze_module\_warnings.obj
e:\github3\cpp\bpython\src\python-3.12.2\pcbuild\obj\312win32_release\_freeze_module\importdl.obj
e:\github3\cpp\bpython\src\python-3.12.2\pcbuild\obj\312win32_release\_freeze_module\textio.obj
e:\github3\cpp\bpython\src\python-3.12.2\pcbuild\obj\312win32_release\_freeze_module\typevarobject.obj
e:\github3\cpp\bpython\src\python-3.12.2\pcbuild\obj\312win32_release\_freeze_module\getcompiler.obj
e:\github3\cpp\bpython\src\python-3.12.2\pcbuild\obj\312win32_release\_freeze_module\instrumentation.obj
e:\github3\cpp\bpython\src\python-3.12.2\pcbuild\obj\312win32_release\_freeze_module\descrobject.obj
e:\github3\cpp\bpython\src\python-3.12.2\pcbuild\obj\312win32_release\_freeze_module\typeobject.obj
e:\github3\cpp\bpython\src\python-3.12.2\pcbuild\obj\312win32_release\_freeze_module\getplatform.obj
e:\github3\cpp\bpython\src\python-3.12.2\pcbuild\obj\312win32_release\_freeze_module\pyarena.obj
e:\github3\cpp\bpython\src\python-3.12.2\pcbuild\obj\312win32_release\_freeze_module\thread.obj
e:\github3\cpp\bpython\src\python-3.12.2\pcbuild\obj\312win32_release\_freeze_module\getpath_noop.obj
e:\github3\cpp\bpython\src\python-3.12.2\pcbuild\obj\312win32_release\_freeze_module\floatobject.obj
e:\github3\cpp\bpython\src\python-3.12.2\pcbuild\obj\312win32_release\_freeze_module\peg_api.obj
e:\github3\cpp\bpython\src\python-3.12.2\pcbuild\obj\312win32_release\_freeze_module\bootstrap_hash.obj
e:\github3\cpp\bpython\src\python-3.12.2\pcbuild\obj\312win32_release\_freeze_module\pystate.obj
e:\github3\cpp\bpython\src\python-3.12.2\pcbuild\obj\312win32_release\_freeze_module\iobase.obj
e:\github3\cpp\bpython\src\python-3.12.2\pcbuild\obj\312win32_release\_freeze_module\rangeobject.obj
e:\github3\cpp\bpython\src\python-3.12.2\pcbuild\obj\312win32_release\_freeze_module\errors.obj
e:\github3\cpp\bpython\src\python-3.12.2\pcbuild\obj\312win32_release\_freeze_module\structmember.obj
e:\github3\cpp\bpython\src\python-3.12.2\pcbuild\obj\312win32_release\_freeze_module\faulthandler.obj
e:\github3\cpp\bpython\src\python-3.12.2\pcbuild\obj\312win32_release\_freeze_module\genericaliasobject.obj
e:\github3\cpp\bpython\src\python-3.12.2\pcbuild\obj\312win32_release\_freeze_module\action_helpers.obj
e:\github3\cpp\bpython\src\python-3.12.2\pcbuild\obj\312win32_release\_freeze_module\import.obj
e:\github3\cpp\bpython\src\python-3.12.2\pcbuild\obj\312win32_release\_freeze_module\posixmodule.obj
e:\github3\cpp\bpython\src\python-3.12.2\pcbuild\obj\312win32_release\_freeze_module\weakrefobject.obj
e:\github3\cpp\bpython\src\python-3.12.2\pcbuild\obj\312win32_release\_freeze_module\formatter_unicode.obj
e:\github3\cpp\bpython\src\python-3.12.2\pcbuild\obj\312win32_release\_freeze_module\pystrhex.obj
e:\github3\cpp\bpython\src\python-3.12.2\pcbuild\obj\312win32_release\_freeze_module\signalmodule.obj
e:\github3\cpp\bpython\src\python-3.12.2\pcbuild\obj\312win32_release\_freeze_module\obmalloc.obj
e:\github3\cpp\bpython\src\python-3.12.2\pcbuild\obj\312win32_release\_freeze_module\compile.obj
e:\github3\cpp\bpython\src\python-3.12.2\pcbuild\obj\312win32_release\_freeze_module\suggestions.obj
e:\github3\cpp\bpython\src\python-3.12.2\pcbuild\obj\312win32_release\_freeze_module\winconsoleio.obj
e:\github3\cpp\bpython\src\python-3.12.2\pcbuild\obj\312win32_release\_freeze_module\namespaceobject.obj
e:\github3\cpp\bpython\src\python-3.12.2\pcbuild\obj\312win32_release\_freeze_module\string_parser.obj
e:\github3\cpp\bpython\src\python-3.12.2\pcbuild\obj\312win32_release\_freeze_module\ast_unparse.obj
e:\github3\cpp\bpython\src\python-3.12.2\pcbuild\obj\312win32_release\_freeze_module\mysnprintf.obj
e:\github3\cpp\bpython\src\python-3.12.2\pcbuild\obj\312win32_release\_freeze_module\tracemalloc.obj
e:\github3\cpp\bpython\src\python-3.12.2\pcbuild\obj\312win32_release\_freeze_module\fileio.obj
e:\github3\cpp\bpython\src\python-3.12.2\pcbuild\obj\312win32_release\_freeze_module\memoryobject.obj
e:\github3\cpp\bpython\src\python-3.12.2\pcbuild\obj\312win32_release\_freeze_module\ast_opt.obj
e:\github3\cpp\bpython\src\python-3.12.2\pcbuild\obj\312win32_release\_freeze_module\pymath.obj
e:\github3\cpp\bpython\src\python-3.12.2\pcbuild\obj\312win32_release\_freeze_module\atexitmodule.obj
e:\github3\cpp\bpython\src\python-3.12.2\pcbuild\obj\312win32_release\_freeze_module\interpreteridobject.obj
e:\github3\cpp\bpython\src\python-3.12.2\pcbuild\obj\312win32_release\_freeze_module\msvcrtmodule.obj
e:\github3\cpp\bpython\src\python-3.12.2\pcbuild\obj\312win32_release\_freeze_module\pystrcmp.obj
e:\github3\cpp\bpython\src\python-3.12.2\pcbuild\obj\312win32_release\_freeze_module\call.obj
e:\github3\cpp\bpython\src\python-3.12.2\pcbuild\obj\312win32_release\_freeze_module\odictobject.obj
e:\github3\cpp\bpython\src\python-3.12.2\pcbuild\obj\312win32_release\_freeze_module\context.obj
e:\github3\cpp\bpython\src\python-3.12.2\pcbuild\obj\312win32_release\_freeze_module\perf_trampoline.obj
e:\github3\cpp\bpython\src\python-3.12.2\pcbuild\obj\312win32_release\_freeze_module\getbuildinfo.obj
e:\github3\cpp\bpython\src\python-3.12.2\pcbuild\obj\312win32_release\_freeze_module\fileobject.obj
e:\github3\cpp\bpython\src\python-3.12.2\pcbuild\obj\312win32_release\_freeze_module\parser.obj
e:\github3\cpp\bpython\src\python-3.12.2\pcbuild\obj\312win32_release\_freeze_module\dynamic_annotations.obj
e:\github3\cpp\bpython\src\python-3.12.2\pcbuild\obj\312win32_release\_freeze_module\python-tokenize.obj
e:\github3\cpp\bpython\src\python-3.12.2\pcbuild\obj\312win32_release\_freeze_module\codeobject.obj
e:\github3\cpp\bpython\src\python-3.12.2\pcbuild\obj\312win32_release\_freeze_module\tupleobject.obj
e:\github3\cpp\bpython\src\python-3.12.2\pcbuild\obj\312win32_release\_freeze_module\ast.obj
e:\github3\cpp\bpython\src\python-3.12.2\pcbuild\obj\312win32_release\_freeze_module\pathconfig.obj
e:\github3\cpp\bpython\src\python-3.12.2\pcbuild\obj\312win32_release\_freeze_module\bytearrayobject.obj
e:\github3\cpp\bpython\src\python-3.12.2\pcbuild\obj\312win32_release\_freeze_module\myreadline.obj
e:\github3\cpp\bpython\src\python-3.12.2\pcbuild\obj\312win32_release\_freeze_module\getargs.obj
e:\github3\cpp\bpython\src\python-3.12.2\pcbuild\obj\312win32_release\_freeze_module\specialize.obj
e:\github3\cpp\bpython\src\python-3.12.2\pcbuild\obj\312win32_release\_freeze_module\_freeze_module.obj
e:\github3\cpp\bpython\src\python-3.12.2\pcbuild\obj\312win32_release\_freeze_module\enumobject.obj
e:\github3\cpp\bpython\src\python-3.12.2\pcbuild\obj\312win32_release\_freeze_module\pegen.obj
e:\github3\cpp\bpython\src\python-3.12.2\pcbuild\obj\312win32_release\_freeze_module\getversion.obj
e:\github3\cpp\bpython\src\python-3.12.2\pcbuild\obj\312win32_release\_freeze_module\preconfig.obj
e:\github3\cpp\bpython\src\python-3.12.2\pcbuild\obj\312win32_release\_freeze_module\dictobject.obj
e:\github3\cpp\bpython\src\python-3.12.2\pcbuild\obj\312win32_release\_freeze_module\unicodeobject.obj
e:\github3\cpp\bpython\src\python-3.12.2\pcbuild\obj\312win32_release\_freeze_module\hamt.obj
e:\github3\cpp\bpython\src\python-3.12.2\pcbuild\obj\312win32_release\_freeze_module\bufferedio.obj
e:\github3\cpp\bpython\src\python-3.12.2\pcbuild\obj\312win32_release\_freeze_module\moduleobject.obj
e:\github3\cpp\bpython\src\python-3.12.2\pcbuild\obj\312win32_release\_freeze_module\winreg.obj
e:\github3\cpp\bpython\src\python-3.12.2\pcbuild\obj\312win32_release\_freeze_module\legacy_tracing.obj
e:\github3\cpp\bpython\src\python-3.12.2\pcbuild\obj\312win32_release\_freeze_module\_iomodule.obj
e:\github3\cpp\bpython\src\python-3.12.2\pcbuild\obj\312win32_release\_freeze_module\structseq.obj
e:\github3\cpp\bpython\src\python-3.12.2\pcbuild\obj\312win32_release\_freeze_module\asdl.obj
e:\github3\cpp\bpython\src\python-3.12.2\pcbuild\obj\312win32_release\_freeze_module\ceval_gil.obj
e:\github3\cpp\bpython\src\python-3.12.2\pcbuild\obj\312win32_release\_freeze_module\symtable.obj
e:\github3\cpp\bpython\src\python-3.12.2\pcbuild\obj\312win32_release\_freeze_module\gcmodule.obj
e:\github3\cpp\bpython\src\python-3.12.2\pcbuild\obj\312win32_release\_freeze_module\iterobject.obj
e:\github3\cpp\bpython\src\python-3.12.2\pcbuild\obj\312win32_release\_freeze_module\bltinmodule.obj
e:\github3\cpp\bpython\src\python-3.12.2\pcbuild\obj\312win32_release\_freeze_module\pyhash.obj
e:\github3\cpp\bpython\src\python-3.12.2\pcbuild\obj\312win32_release\_freeze_module\traceback.obj
e:\github3\cpp\bpython\src\python-3.12.2\pcbuild\obj\312win32_release\_freeze_module\stringio.obj
e:\github3\cpp\bpython\src\python-3.12.2\pcbuild\obj\312win32_release\_freeze_module\listobject.obj
e:\github3\cpp\bpython\src\python-3.12.2\pcbuild\obj\312win32_release\_freeze_module\getopt.obj
e:\github3\cpp\bpython\src\python-3.12.2\pcbuild\obj\312win32_release\_freeze_module\marshal.obj
e:\github3\cpp\bpython\src\python-3.12.2\pcbuild\obj\312win32_release\_freeze_module\bytes_methods.obj
e:\github3\cpp\bpython\src\python-3.12.2\pcbuild\obj\312win32_release\_freeze_module\frameobject.obj
e:\github3\cpp\bpython\src\python-3.12.2\pcbuild\obj\312win32_release\_freeze_module\token.obj
e:\github3\cpp\bpython\src\python-3.12.2\pcbuild\obj\312win32_release\_freeze_module\flowgraph.obj
e:\github3\cpp\bpython\src\python-3.12.2\pcbuild\obj\312win32_release\_freeze_module\initconfig.obj
e:\github3\cpp\bpython\src\python-3.12.2\pcbuild\obj\312win32_release\_freeze_module\capsule.obj
e:\github3\cpp\bpython\src\python-3.12.2\pcbuild\obj\312win32_release\_freeze_module\funcobject.obj
e:\github3\cpp\bpython\src\python-3.12.2\pcbuild\obj\312win32_release\_freeze_module\invalid_parameter_handler.obj
e:\github3\cpp\bpython\src\python-3.12.2\pcbuild\obj\312win32_release\_freeze_module\assemble.obj
e:\github3\cpp\bpython\src\python-3.12.2\pcbuild\obj\312win32_release\_freeze_module\hashtable.obj
e:\github3\cpp\bpython\src\python-3.12.2\pcbuild\obj\312win32_release\_freeze_module\pyctype.obj
e:\github3\cpp\bpython\src\python-3.12.2\pcbuild\obj\312win32_release\_freeze_module\classobject.obj
e:\github3\cpp\bpython\src\python-3.12.2\pcbuild\obj\312win32_release\_freeze_module\methodobject.obj
e:\github3\cpp\bpython\src\python-3.12.2\pcbuild\obj\312win32_release\_freeze_module\codecs.obj
e:\github3\cpp\bpython\src\python-3.12.2\pcbuild\obj\312win32_release\_freeze_module\pystrtod.obj
e:\github3\cpp\bpython\src\python-3.12.2\pcbuild\obj\312win32_release\_freeze_module\boolobject.obj
e:\github3\cpp\bpython\src\python-3.12.2\pcbuild\obj\312win32_release\_freeze_module\longobject.obj
e:\github3\cpp\bpython\src\python-3.12.2\pcbuild\obj\312win32_release\_freeze_module\getcopyright.obj
e:\github3\cpp\bpython\src\python-3.12.2\pcbuild\obj\312win32_release\_freeze_module\mystrtoul.obj
e:\github3\cpp\bpython\src\python-3.12.2\pcbuild\obj\312win32_release\_freeze_module\bytesio.obj
e:\github3\cpp\bpython\src\python-3.12.2\pcbuild\obj\312win32_release\_freeze_module\object.obj
e:\github3\cpp\bpython\src\python-3.12.2\pcbuild\obj\312win32_release\_freeze_module\dtoa.obj
e:\github3\cpp\bpython\src\python-3.12.2\pcbuild\obj\312win32_release\_freeze_module\pyfpe.obj
e:\github3\cpp\bpython\src\python-3.12.2\pcbuild\obj\312win32_release\_freeze_module\pythonrun.obj
e:\github3\cpp\bpython\src\python-3.12.2\pcbuild\obj\312win32_release\_freeze_module\abstract.obj
e:\github3\cpp\bpython\src\python-3.12.2\pcbuild\obj\312win32_release\_freeze_module\sliceobject.obj
e:\github3\cpp\bpython\src\python-3.12.2\pcbuild\obj\312win32_release\_freeze_module\frame.obj
e:\github3\cpp\bpython\src\python-3.12.2\pcbuild\obj\312win32_release\_freeze_module\python-ast.obj
e:\github3\cpp\bpython\src\python-3.12.2\pcbuild\obj\312win32_release\_freeze_module\bytesobject.obj
e:\github3\cpp\bpython\src\python-3.12.2\pcbuild\obj\312win32_release\_freeze_module\unicodectype.obj
e:\github3\cpp\bpython\src\python-3.12.2\pcbuild\obj\312win32_release\_freeze_module\future.obj
e:\github3\cpp\bpython\src\python-3.12.2\pcbuild\obj\312win32_release\_freeze_module\modsupport.obj
e:\github3\cpp\bpython\src\python-3.12.2\pcbuild\win32\_freeze_module.exe
e:\github3\cpp\bpython\src\python-3.12.2\pcbuild\win32\_freeze_module.pdb
e:\github3\cpp\bpython\src\python-3.12.2\pcbuild\obj\312win32_release\_freeze_module\_freeze_module.tlog\cl.command.1.tlog
e:\github3\cpp\bpython\src\python-3.12.2\pcbuild\obj\312win32_release\_freeze_module\_freeze_module.tlog\cl.read.1.tlog
e:\github3\cpp\bpython\src\python-3.12.2\pcbuild\obj\312win32_release\_freeze_module\_freeze_module.tlog\cl.write.1.tlog
e:\github3\cpp\bpython\src\python-3.12.2\pcbuild\obj\312win32_release\_freeze_module\_freeze_module.tlog\link.command.1.tlog
e:\github3\cpp\bpython\src\python-3.12.2\pcbuild\obj\312win32_release\_freeze_module\_freeze_module.tlog\link.read.1.tlog
e:\github3\cpp\bpython\src\python-3.12.2\pcbuild\obj\312win32_release\_freeze_module\_freeze_module.tlog\link.write.1.tlog
