e:\github3\cpp\bpython\src\python-3.12.2\pcbuild\obj\312amd64_release\pythoncore\vc142.pdb
e:\github3\cpp\bpython\src\python-3.12.2\pcbuild\obj\312amd64_release\pythoncore\getpath.obj
e:\github3\cpp\bpython\src\python-3.12.2\pcbuild\obj\312amd64_release\pythoncore\_stat.obj
e:\github3\cpp\bpython\src\python-3.12.2\pcbuild\obj\312amd64_release\pythoncore\_codecs_tw.obj
e:\github3\cpp\bpython\src\python-3.12.2\pcbuild\obj\312amd64_release\pythoncore\listobject.obj
e:\github3\cpp\bpython\src\python-3.12.2\pcbuild\obj\312amd64_release\pythoncore\unicodectype.obj
e:\github3\cpp\bpython\src\python-3.12.2\pcbuild\obj\312amd64_release\pythoncore\dynamic_annotations.obj
e:\github3\cpp\bpython\src\python-3.12.2\pcbuild\obj\312amd64_release\pythoncore\pystate.obj
e:\github3\cpp\bpython\src\python-3.12.2\pcbuild\obj\312amd64_release\pythoncore\atexitmodule.obj
e:\github3\cpp\bpython\src\python-3.12.2\pcbuild\obj\312amd64_release\pythoncore\_statisticsmodule.obj
e:\github3\cpp\bpython\src\python-3.12.2\pcbuild\obj\312amd64_release\pythoncore\call.obj
e:\github3\cpp\bpython\src\python-3.12.2\pcbuild\obj\312amd64_release\pythoncore\typeobject.obj
e:\github3\cpp\bpython\src\python-3.12.2\pcbuild\obj\312amd64_release\pythoncore\intrinsics.obj
e:\github3\cpp\bpython\src\python-3.12.2\pcbuild\obj\312amd64_release\pythoncore\tracemalloc.obj
e:\github3\cpp\bpython\src\python-3.12.2\pcbuild\obj\312amd64_release\pythoncore\hacl_hash_sha3.obj
e:\github3\cpp\bpython\src\python-3.12.2\pcbuild\obj\312amd64_release\pythoncore\mathmodule.obj
e:\github3\cpp\bpython\src\python-3.12.2\pcbuild\obj\312amd64_release\pythoncore\multibytecodec.obj
e:\github3\cpp\bpython\src\python-3.12.2\pcbuild\obj\312amd64_release\pythoncore\picklebufobject.obj
e:\github3\cpp\bpython\src\python-3.12.2\pcbuild\obj\312amd64_release\pythoncore\unionobject.obj
e:\github3\cpp\bpython\src\python-3.12.2\pcbuild\obj\312amd64_release\pythoncore\flowgraph.obj
e:\github3\cpp\bpython\src\python-3.12.2\pcbuild\obj\312amd64_release\pythoncore\pystrcmp.obj
e:\github3\cpp\bpython\src\python-3.12.2\pcbuild\obj\312amd64_release\pythoncore\trees.obj
e:\github3\cpp\bpython\src\python-3.12.2\pcbuild\obj\312amd64_release\pythoncore\hacl_hash_sha2.obj
e:\github3\cpp\bpython\src\python-3.12.2\pcbuild\obj\312amd64_release\pythoncore\md5module.obj
e:\github3\cpp\bpython\src\python-3.12.2\pcbuild\obj\312amd64_release\pythoncore\_codecs_cn.obj
e:\github3\cpp\bpython\src\python-3.12.2\pcbuild\obj\312amd64_release\pythoncore\genericaliasobject.obj
e:\github3\cpp\bpython\src\python-3.12.2\pcbuild\obj\312amd64_release\pythoncore\pegen.obj
e:\github3\cpp\bpython\src\python-3.12.2\pcbuild\obj\312amd64_release\pythoncore\future.obj
e:\github3\cpp\bpython\src\python-3.12.2\pcbuild\obj\312amd64_release\pythoncore\preconfig.obj
e:\github3\cpp\bpython\src\python-3.12.2\pcbuild\obj\312amd64_release\pythoncore\_csv.obj
e:\github3\cpp\bpython\src\python-3.12.2\pcbuild\obj\312amd64_release\pythoncore\rotatingtree.obj
e:\github3\cpp\bpython\src\python-3.12.2\pcbuild\obj\312amd64_release\pythoncore\_typingmodule.obj
e:\github3\cpp\bpython\src\python-3.12.2\pcbuild\obj\312amd64_release\pythoncore\classobject.obj
e:\github3\cpp\bpython\src\python-3.12.2\pcbuild\obj\312amd64_release\pythoncore\structseq.obj
e:\github3\cpp\bpython\src\python-3.12.2\pcbuild\obj\312amd64_release\pythoncore\errors.obj
e:\github3\cpp\bpython\src\python-3.12.2\pcbuild\obj\312amd64_release\pythoncore\zlibmodule.obj
e:\github3\cpp\bpython\src\python-3.12.2\pcbuild\obj\312amd64_release\pythoncore\_functoolsmodule.obj
e:\github3\cpp\bpython\src\python-3.12.2\pcbuild\obj\312amd64_release\pythoncore\sha3module.obj
e:\github3\cpp\bpython\src\python-3.12.2\pcbuild\obj\312amd64_release\pythoncore\descrobject.obj
e:\github3\cpp\bpython\src\python-3.12.2\pcbuild\obj\312amd64_release\pythoncore\msvcrtmodule.obj
e:\github3\cpp\bpython\src\python-3.12.2\pcbuild\obj\312amd64_release\pythoncore\pyfpe.obj
e:\github3\cpp\bpython\src\python-3.12.2\pcbuild\obj\312amd64_release\pythoncore\dtoa.obj
e:\github3\cpp\bpython\src\python-3.12.2\pcbuild\obj\312amd64_release\pythoncore\_heapqmodule.obj
e:\github3\cpp\bpython\src\python-3.12.2\pcbuild\obj\312amd64_release\pythoncore\posixmodule.obj
e:\github3\cpp\bpython\src\python-3.12.2\pcbuild\obj\312amd64_release\pythoncore\genobject.obj
e:\github3\cpp\bpython\src\python-3.12.2\pcbuild\obj\312amd64_release\pythoncore\tokenizer.obj
e:\github3\cpp\bpython\src\python-3.12.2\pcbuild\obj\312amd64_release\pythoncore\getcopyright.obj
e:\github3\cpp\bpython\src\python-3.12.2\pcbuild\obj\312amd64_release\pythoncore\pymath.obj
e:\github3\cpp\bpython\src\python-3.12.2\pcbuild\obj\312amd64_release\pythoncore\inflate.obj
e:\github3\cpp\bpython\src\python-3.12.2\pcbuild\obj\312amd64_release\pythoncore\_json.obj
e:\github3\cpp\bpython\src\python-3.12.2\pcbuild\obj\312amd64_release\pythoncore\_xxsubinterpretersmodule.obj
e:\github3\cpp\bpython\src\python-3.12.2\pcbuild\obj\312amd64_release\pythoncore\bytes_methods.obj
e:\github3\cpp\bpython\src\python-3.12.2\pcbuild\obj\312amd64_release\pythoncore\obmalloc.obj
e:\github3\cpp\bpython\src\python-3.12.2\pcbuild\obj\312amd64_release\pythoncore\assemble.obj
e:\github3\cpp\bpython\src\python-3.12.2\pcbuild\obj\312amd64_release\pythoncore\formatter_unicode.obj
e:\github3\cpp\bpython\src\python-3.12.2\pcbuild\obj\312amd64_release\pythoncore\pythonrun.obj
e:\github3\cpp\bpython\src\python-3.12.2\pcbuild\obj\312amd64_release\pythoncore\_struct.obj
e:\github3\cpp\bpython\src\python-3.12.2\pcbuild\obj\312amd64_release\pythoncore\stringio.obj
e:\github3\cpp\bpython\src\python-3.12.2\pcbuild\obj\312amd64_release\pythoncore\exceptions.obj
e:\github3\cpp\bpython\src\python-3.12.2\pcbuild\obj\312amd64_release\pythoncore\ast_opt.obj
e:\github3\cpp\bpython\src\python-3.12.2\pcbuild\obj\312amd64_release\pythoncore\marshal.obj
e:\github3\cpp\bpython\src\python-3.12.2\pcbuild\obj\312amd64_release\pythoncore\infback.obj
e:\github3\cpp\bpython\src\python-3.12.2\pcbuild\obj\312amd64_release\pythoncore\dl_nt.obj
e:\github3\cpp\bpython\src\python-3.12.2\pcbuild\obj\312amd64_release\pythoncore\gcmodule.obj
e:\github3\cpp\bpython\src\python-3.12.2\pcbuild\obj\312amd64_release\pythoncore\signalmodule.obj
e:\github3\cpp\bpython\src\python-3.12.2\pcbuild\obj\312amd64_release\pythoncore\enumobject.obj
e:\github3\cpp\bpython\src\python-3.12.2\pcbuild\obj\312amd64_release\pythoncore\string_parser.obj
e:\github3\cpp\bpython\src\python-3.12.2\pcbuild\obj\312amd64_release\pythoncore\codecs.obj
e:\github3\cpp\bpython\src\python-3.12.2\pcbuild\obj\312amd64_release\pythoncore\perf_trampoline.obj
e:\github3\cpp\bpython\src\python-3.12.2\pcbuild\obj\312amd64_release\pythoncore\_bisectmodule.obj
e:\github3\cpp\bpython\src\python-3.12.2\pcbuild\obj\312amd64_release\pythoncore\_opcode.obj
e:\github3\cpp\bpython\src\python-3.12.2\pcbuild\obj\312amd64_release\pythoncore\abstract.obj
e:\github3\cpp\bpython\src\python-3.12.2\pcbuild\obj\312amd64_release\pythoncore\rangeobject.obj
e:\github3\cpp\bpython\src\python-3.12.2\pcbuild\obj\312amd64_release\pythoncore\compile.obj
e:\github3\cpp\bpython\src\python-3.12.2\pcbuild\obj\312amd64_release\pythoncore\pystrhex.obj
e:\github3\cpp\bpython\src\python-3.12.2\pcbuild\obj\312amd64_release\pythoncore\adler32.obj
e:\github3\cpp\bpython\src\python-3.12.2\pcbuild\obj\312amd64_release\pythoncore\_lsprof.obj
e:\github3\cpp\bpython\src\python-3.12.2\pcbuild\obj\312amd64_release\pythoncore\sha2module.obj
e:\github3\cpp\bpython\src\python-3.12.2\pcbuild\obj\312amd64_release\pythoncore\fileobject.obj
e:\github3\cpp\bpython\src\python-3.12.2\pcbuild\obj\312amd64_release\pythoncore\config.obj
e:\github3\cpp\bpython\src\python-3.12.2\pcbuild\obj\312amd64_release\pythoncore\ceval_gil.obj
e:\github3\cpp\bpython\src\python-3.12.2\pcbuild\obj\312amd64_release\pythoncore\traceback.obj
e:\github3\cpp\bpython\src\python-3.12.2\pcbuild\obj\312amd64_release\pythoncore\_pickle.obj
e:\github3\cpp\bpython\src\python-3.12.2\pcbuild\obj\312amd64_release\pythoncore\timemodule.obj
e:\github3\cpp\bpython\src\python-3.12.2\pcbuild\obj\312amd64_release\pythoncore\funcobject.obj
e:\github3\cpp\bpython\src\python-3.12.2\pcbuild\obj\312amd64_release\pythoncore\typevarobject.obj
e:\github3\cpp\bpython\src\python-3.12.2\pcbuild\obj\312amd64_release\pythoncore\dynload_win.obj
e:\github3\cpp\bpython\src\python-3.12.2\pcbuild\obj\312amd64_release\pythoncore\python-tokenize.obj
e:\github3\cpp\bpython\src\python-3.12.2\pcbuild\obj\312amd64_release\pythoncore\_datetimemodule.obj
e:\github3\cpp\bpython\src\python-3.12.2\pcbuild\obj\312amd64_release\pythoncore\winconsoleio.obj
e:\github3\cpp\bpython\src\python-3.12.2\pcbuild\obj\312amd64_release\pythoncore\methodobject.obj
e:\github3\cpp\bpython\src\python-3.12.2\pcbuild\obj\312amd64_release\pythoncore\bltinmodule.obj
e:\github3\cpp\bpython\src\python-3.12.2\pcbuild\obj\312amd64_release\pythoncore\mysnprintf.obj
e:\github3\cpp\bpython\src\python-3.12.2\pcbuild\obj\312amd64_release\pythoncore\specialize.obj
e:\github3\cpp\bpython\src\python-3.12.2\pcbuild\obj\312amd64_release\pythoncore\hacl_hash_md5.obj
e:\github3\cpp\bpython\src\python-3.12.2\pcbuild\obj\312amd64_release\pythoncore\itertoolsmodule.obj
e:\github3\cpp\bpython\src\python-3.12.2\pcbuild\obj\312amd64_release\pythoncore\_codecs_iso2022.obj
e:\github3\cpp\bpython\src\python-3.12.2\pcbuild\obj\312amd64_release\pythoncore\bytesobject.obj
e:\github3\cpp\bpython\src\python-3.12.2\pcbuild\obj\312amd64_release\pythoncore\action_helpers.obj
e:\github3\cpp\bpython\src\python-3.12.2\pcbuild\obj\312amd64_release\pythoncore\getcompiler.obj
e:\github3\cpp\bpython\src\python-3.12.2\pcbuild\obj\312amd64_release\pythoncore\pathconfig.obj
e:\github3\cpp\bpython\src\python-3.12.2\pcbuild\obj\312amd64_release\pythoncore\_randommodule.obj
e:\github3\cpp\bpython\src\python-3.12.2\pcbuild\obj\312amd64_release\pythoncore\_xxinterpchannelsmodule.obj
e:\github3\cpp\bpython\src\python-3.12.2\pcbuild\obj\312amd64_release\pythoncore\codeobject.obj
e:\github3\cpp\bpython\src\python-3.12.2\pcbuild\obj\312amd64_release\pythoncore\myreadline.obj
e:\github3\cpp\bpython\src\python-3.12.2\pcbuild\obj\312amd64_release\pythoncore\getargs.obj
e:\github3\cpp\bpython\src\python-3.12.2\pcbuild\obj\312amd64_release\pythoncore\symtable.obj
e:\github3\cpp\bpython\src\python-3.12.2\pcbuild\obj\312amd64_release\pythoncore\blake2b_impl.obj
e:\github3\cpp\bpython\src\python-3.12.2\pcbuild\obj\312amd64_release\pythoncore\_codecs_jp.obj
e:\github3\cpp\bpython\src\python-3.12.2\pcbuild\obj\312amd64_release\pythoncore\memoryobject.obj
e:\github3\cpp\bpython\src\python-3.12.2\pcbuild\obj\312amd64_release\pythoncore\bootstrap_hash.obj
e:\github3\cpp\bpython\src\python-3.12.2\pcbuild\obj\312amd64_release\pythoncore\importdl.obj
e:\github3\cpp\bpython\src\python-3.12.2\pcbuild\obj\312amd64_release\pythoncore\compress.obj
e:\github3\cpp\bpython\src\python-3.12.2\pcbuild\obj\312amd64_release\pythoncore\blake2module.obj
e:\github3\cpp\bpython\src\python-3.12.2\pcbuild\obj\312amd64_release\pythoncore\_iomodule.obj
e:\github3\cpp\bpython\src\python-3.12.2\pcbuild\obj\312amd64_release\pythoncore\odictobject.obj
e:\github3\cpp\bpython\src\python-3.12.2\pcbuild\obj\312amd64_release\pythoncore\asdl.obj
e:\github3\cpp\bpython\src\python-3.12.2\pcbuild\obj\312amd64_release\pythoncore\getplatform.obj
e:\github3\cpp\bpython\src\python-3.12.2\pcbuild\obj\312amd64_release\pythoncore\pylifecycle.obj
e:\github3\cpp\bpython\src\python-3.12.2\pcbuild\obj\312amd64_release\pythoncore\_weakref.obj
e:\github3\cpp\bpython\src\python-3.12.2\pcbuild\obj\312amd64_release\pythoncore\fileio.obj
e:\github3\cpp\bpython\src\python-3.12.2\pcbuild\obj\312amd64_release\pythoncore\moduleobject.obj
e:\github3\cpp\bpython\src\python-3.12.2\pcbuild\obj\312amd64_release\pythoncore\pyhash.obj
e:\github3\cpp\bpython\src\python-3.12.2\pcbuild\obj\312amd64_release\pythoncore\hashtable.obj
e:\github3\cpp\bpython\src\python-3.12.2\pcbuild\obj\312amd64_release\pythoncore\python-ast.obj
e:\github3\cpp\bpython\src\python-3.12.2\pcbuild\obj\312amd64_release\pythoncore\arraymodule.obj
e:\github3\cpp\bpython\src\python-3.12.2\pcbuild\obj\312amd64_release\pythoncore\textio.obj
e:\github3\cpp\bpython\src\python-3.12.2\pcbuild\obj\312amd64_release\pythoncore\longobject.obj
e:\github3\cpp\bpython\src\python-3.12.2\pcbuild\obj\312amd64_release\pythoncore\winreg.obj
e:\github3\cpp\bpython\src\python-3.12.2\pcbuild\obj\312amd64_release\pythoncore\legacy_tracing.obj
e:\github3\cpp\bpython\src\python-3.12.2\pcbuild\obj\312amd64_release\pythoncore\hacl_hash_sha1.obj
e:\github3\cpp\bpython\src\python-3.12.2\pcbuild\obj\312amd64_release\pythoncore\main.obj
e:\github3\cpp\bpython\src\python-3.12.2\pcbuild\obj\312amd64_release\pythoncore\bufferedio.obj
e:\github3\cpp\bpython\src\python-3.12.2\pcbuild\obj\312amd64_release\pythoncore\iterobject.obj
e:\github3\cpp\bpython\src\python-3.12.2\pcbuild\obj\312amd64_release\pythoncore\weakrefobject.obj
e:\github3\cpp\bpython\src\python-3.12.2\pcbuild\obj\312amd64_release\pythoncore\import.obj
e:\github3\cpp\bpython\src\python-3.12.2\pcbuild\obj\312amd64_release\pythoncore\inffast.obj
e:\github3\cpp\bpython\src\python-3.12.2\pcbuild\obj\312amd64_release\pythoncore\_localemodule.obj
e:\github3\cpp\bpython\src\python-3.12.2\pcbuild\obj\312amd64_release\pythoncore\_tracemalloc.obj
e:\github3\cpp\bpython\src\python-3.12.2\pcbuild\obj\312amd64_release\pythoncore\capsule.obj
e:\github3\cpp\bpython\src\python-3.12.2\pcbuild\obj\312amd64_release\pythoncore\object.obj
e:\github3\cpp\bpython\src\python-3.12.2\pcbuild\obj\312amd64_release\pythoncore\_warnings.obj
e:\github3\cpp\bpython\src\python-3.12.2\pcbuild\obj\312amd64_release\pythoncore\hamt.obj
e:\github3\cpp\bpython\src\python-3.12.2\pcbuild\obj\312amd64_release\pythoncore\suggestions.obj
e:\github3\cpp\bpython\src\python-3.12.2\pcbuild\obj\312amd64_release\pythoncore\blake2s_impl.obj
e:\github3\cpp\bpython\src\python-3.12.2\pcbuild\obj\312amd64_release\pythoncore\_codecs_hk.obj
e:\github3\cpp\bpython\src\python-3.12.2\pcbuild\obj\312amd64_release\pythoncore\complexobject.obj
e:\github3\cpp\bpython\src\python-3.12.2\pcbuild\obj\312amd64_release\pythoncore\setobject.obj
e:\github3\cpp\bpython\src\python-3.12.2\pcbuild\obj\312amd64_release\pythoncore\getversion.obj
e:\github3\cpp\bpython\src\python-3.12.2\pcbuild\obj\312amd64_release\pythoncore\pystrtod.obj
e:\github3\cpp\bpython\src\python-3.12.2\pcbuild\obj\312amd64_release\pythoncore\zutil.obj
e:\github3\cpp\bpython\src\python-3.12.2\pcbuild\obj\312amd64_release\pythoncore\cmathmodule.obj
e:\github3\cpp\bpython\src\python-3.12.2\pcbuild\obj\312amd64_release\pythoncore\symtablemodule.obj
e:\github3\cpp\bpython\src\python-3.12.2\pcbuild\obj\312amd64_release\pythoncore\floatobject.obj
e:\github3\cpp\bpython\src\python-3.12.2\pcbuild\obj\312amd64_release\pythoncore\peg_api.obj
e:\github3\cpp\bpython\src\python-3.12.2\pcbuild\obj\312amd64_release\pythoncore\frame.obj
e:\github3\cpp\bpython\src\python-3.12.2\pcbuild\obj\312amd64_release\pythoncore\crc32.obj
e:\github3\cpp\bpython\src\python-3.12.2\pcbuild\obj\312amd64_release\pythoncore\_contextvarsmodule.obj
e:\github3\cpp\bpython\src\python-3.12.2\pcbuild\obj\312amd64_release\pythoncore\_operator.obj
e:\github3\cpp\bpython\src\python-3.12.2\pcbuild\obj\312amd64_release\pythoncore\bytearrayobject.obj
e:\github3\cpp\bpython\src\python-3.12.2\pcbuild\obj\312amd64_release\pythoncore\tupleobject.obj
e:\github3\cpp\bpython\src\python-3.12.2\pcbuild\obj\312amd64_release\pythoncore\getopt.obj
e:\github3\cpp\bpython\src\python-3.12.2\pcbuild\obj\312amd64_release\pythoncore\mystrtoul.obj
e:\github3\cpp\bpython\src\python-3.12.2\pcbuild\obj\312amd64_release\pythoncore\_codecsmodule.obj
e:\github3\cpp\bpython\src\python-3.12.2\pcbuild\obj\312amd64_release\pythoncore\_codecs_kr.obj
e:\github3\cpp\bpython\src\python-3.12.2\pcbuild\obj\312amd64_release\pythoncore\frameobject.obj
e:\github3\cpp\bpython\src\python-3.12.2\pcbuild\obj\312amd64_release\pythoncore\token.obj
e:\github3\cpp\bpython\src\python-3.12.2\pcbuild\obj\312amd64_release\pythoncore\ceval.obj
e:\github3\cpp\bpython\src\python-3.12.2\pcbuild\obj\312amd64_release\pythoncore\pyctype.obj
e:\github3\cpp\bpython\src\python-3.12.2\pcbuild\obj\312amd64_release\pythoncore\structmember.obj
e:\github3\cpp\bpython\src\python-3.12.2\pcbuild\obj\312amd64_release\pythoncore\errnomodule.obj
e:\github3\cpp\bpython\src\python-3.12.2\pcbuild\obj\312amd64_release\pythoncore\sha1module.obj
e:\github3\cpp\bpython\src\python-3.12.2\pcbuild\obj\312amd64_release\pythoncore\boolobject.obj
e:\github3\cpp\bpython\src\python-3.12.2\pcbuild\obj\312amd64_release\pythoncore\invalid_parameter_handler.obj
e:\github3\cpp\bpython\src\python-3.12.2\pcbuild\obj\312amd64_release\pythoncore\ast.obj
e:\github3\cpp\bpython\src\python-3.12.2\pcbuild\obj\312amd64_release\pythoncore\initconfig.obj
e:\github3\cpp\bpython\src\python-3.12.2\pcbuild\obj\312amd64_release\pythoncore\_collectionsmodule.obj
e:\github3\cpp\bpython\src\python-3.12.2\pcbuild\obj\312amd64_release\pythoncore\xxsubtype.obj
e:\github3\cpp\bpython\src\python-3.12.2\pcbuild\obj\312amd64_release\pythoncore\_winapi.obj
e:\github3\cpp\bpython\src\python-3.12.2\pcbuild\obj\312amd64_release\pythoncore\parser.obj
e:\github3\cpp\bpython\src\python-3.12.2\pcbuild\obj\312amd64_release\pythoncore\frozen.obj
e:\github3\cpp\bpython\src\python-3.12.2\pcbuild\obj\312amd64_release\pythoncore\pyarena.obj
e:\github3\cpp\bpython\src\python-3.12.2\pcbuild\obj\312amd64_release\pythoncore\uncompr.obj
e:\github3\cpp\bpython\src\python-3.12.2\pcbuild\obj\312amd64_release\pythoncore\sre.obj
e:\github3\cpp\bpython\src\python-3.12.2\pcbuild\obj\312amd64_release\pythoncore\iobase.obj
e:\github3\cpp\bpython\src\python-3.12.2\pcbuild\obj\312amd64_release\pythoncore\namespaceobject.obj
e:\github3\cpp\bpython\src\python-3.12.2\pcbuild\obj\312amd64_release\pythoncore\unicodeobject.obj
e:\github3\cpp\bpython\src\python-3.12.2\pcbuild\obj\312amd64_release\pythoncore\instrumentation.obj
e:\github3\cpp\bpython\src\python-3.12.2\pcbuild\obj\312amd64_release\pythoncore\audioop.obj
e:\github3\cpp\bpython\src\python-3.12.2\pcbuild\obj\312amd64_release\pythoncore\bytesio.obj
e:\github3\cpp\bpython\src\python-3.12.2\pcbuild\obj\312amd64_release\pythoncore\cellobject.obj
e:\github3\cpp\bpython\src\python-3.12.2\pcbuild\obj\312amd64_release\pythoncore\pegen_errors.obj
e:\github3\cpp\bpython\src\python-3.12.2\pcbuild\obj\312amd64_release\pythoncore\context.obj
e:\github3\cpp\bpython\src\python-3.12.2\pcbuild\obj\312amd64_release\pythoncore\pytime.obj
e:\github3\cpp\bpython\src\python-3.12.2\pcbuild\obj\312amd64_release\pythoncore\faulthandler.obj
e:\github3\cpp\bpython\src\python-3.12.2\pcbuild\obj\312amd64_release\pythoncore\_threadmodule.obj
e:\github3\cpp\bpython\src\python-3.12.2\pcbuild\obj\312amd64_release\pythoncore\interpreteridobject.obj
e:\github3\cpp\bpython\src\python-3.12.2\pcbuild\obj\312amd64_release\pythoncore\ast_unparse.obj
e:\github3\cpp\bpython\src\python-3.12.2\pcbuild\obj\312amd64_release\pythoncore\modsupport.obj
e:\github3\cpp\bpython\src\python-3.12.2\pcbuild\obj\312amd64_release\pythoncore\inftrees.obj
e:\github3\cpp\bpython\src\python-3.12.2\pcbuild\obj\312amd64_release\pythoncore\_abc.obj
e:\github3\cpp\bpython\src\python-3.12.2\pcbuild\obj\312amd64_release\pythoncore\mmapmodule.obj
e:\github3\cpp\bpython\src\python-3.12.2\pcbuild\obj\312amd64_release\pythoncore\dictobject.obj
e:\github3\cpp\bpython\src\python-3.12.2\pcbuild\obj\312amd64_release\pythoncore\sliceobject.obj
e:\github3\cpp\bpython\src\python-3.12.2\pcbuild\obj\312amd64_release\pythoncore\fileutils.obj
e:\github3\cpp\bpython\src\python-3.12.2\pcbuild\obj\312amd64_release\pythoncore\thread.obj
e:\github3\cpp\bpython\src\python-3.12.2\pcbuild\obj\312amd64_release\pythoncore\pythoncore.tlog\cl.command.1.tlog
e:\github3\cpp\bpython\src\python-3.12.2\pcbuild\obj\312amd64_release\pythoncore\pythoncore.tlog\cl.read.1.tlog
e:\github3\cpp\bpython\src\python-3.12.2\pcbuild\obj\312amd64_release\pythoncore\pythoncore.tlog\cl.write.1.tlog
