e:\github3\cpp\bpython\src\python-3.12.2\pcbuild\obj\312amd64_debug\pythoncore\vc142.pdb
e:\github3\cpp\bpython\src\python-3.12.2\pcbuild\obj\312amd64_debug\pythoncore\getpath.obj
e:\github3\cpp\bpython\src\python-3.12.2\pcbuild\obj\312amd64_debug\pythoncore\errnomodule.obj
e:\github3\cpp\bpython\src\python-3.12.2\pcbuild\obj\312amd64_debug\pythoncore\sha1module.obj
e:\github3\cpp\bpython\src\python-3.12.2\pcbuild\obj\312amd64_debug\pythoncore\bytesobject.obj
e:\github3\cpp\bpython\src\python-3.12.2\pcbuild\obj\312amd64_debug\pythoncore\token.obj
e:\github3\cpp\bpython\src\python-3.12.2\pcbuild\obj\312amd64_debug\pythoncore\bootstrap_hash.obj
e:\github3\cpp\bpython\src\python-3.12.2\pcbuild\obj\312amd64_debug\pythoncore\pathconfig.obj
e:\github3\cpp\bpython\src\python-3.12.2\pcbuild\obj\312amd64_debug\pythoncore\_localemodule.obj
e:\github3\cpp\bpython\src\python-3.12.2\pcbuild\obj\312amd64_debug\pythoncore\_operator.obj
e:\github3\cpp\bpython\src\python-3.12.2\pcbuild\obj\312amd64_debug\pythoncore\bytes_methods.obj
e:\github3\cpp\bpython\src\python-3.12.2\pcbuild\obj\312amd64_debug\pythoncore\odictobject.obj
e:\github3\cpp\bpython\src\python-3.12.2\pcbuild\obj\312amd64_debug\pythoncore\bltinmodule.obj
e:\github3\cpp\bpython\src\python-3.12.2\pcbuild\obj\312amd64_debug\pythoncore\preconfig.obj
e:\github3\cpp\bpython\src\python-3.12.2\pcbuild\obj\312amd64_debug\pythoncore\sre.obj
e:\github3\cpp\bpython\src\python-3.12.2\pcbuild\obj\312amd64_debug\pythoncore\object.obj
e:\github3\cpp\bpython\src\python-3.12.2\pcbuild\obj\312amd64_debug\pythoncore\assemble.obj
e:\github3\cpp\bpython\src\python-3.12.2\pcbuild\obj\312amd64_debug\pythoncore\frozen.obj
e:\github3\cpp\bpython\src\python-3.12.2\pcbuild\obj\312amd64_debug\pythoncore\import.obj
e:\github3\cpp\bpython\src\python-3.12.2\pcbuild\obj\312amd64_debug\pythoncore\inffast.obj
e:\github3\cpp\bpython\src\python-3.12.2\pcbuild\obj\312amd64_debug\pythoncore\_bisectmodule.obj
e:\github3\cpp\bpython\src\python-3.12.2\pcbuild\obj\312amd64_debug\pythoncore\signalmodule.obj
e:\github3\cpp\bpython\src\python-3.12.2\pcbuild\obj\312amd64_debug\pythoncore\genobject.obj
e:\github3\cpp\bpython\src\python-3.12.2\pcbuild\obj\312amd64_debug\pythoncore\string_parser.obj
e:\github3\cpp\bpython\src\python-3.12.2\pcbuild\obj\312amd64_debug\pythoncore\dynload_win.obj
e:\github3\cpp\bpython\src\python-3.12.2\pcbuild\obj\312amd64_debug\pythoncore\dtoa.obj
e:\github3\cpp\bpython\src\python-3.12.2\pcbuild\obj\312amd64_debug\pythoncore\_csv.obj
e:\github3\cpp\bpython\src\python-3.12.2\pcbuild\obj\312amd64_debug\pythoncore\sha2module.obj
e:\github3\cpp\bpython\src\python-3.12.2\pcbuild\obj\312amd64_debug\pythoncore\capsule.obj
e:\github3\cpp\bpython\src\python-3.12.2\pcbuild\obj\312amd64_debug\pythoncore\obmalloc.obj
e:\github3\cpp\bpython\src\python-3.12.2\pcbuild\obj\312amd64_debug\pythoncore\ast_opt.obj
e:\github3\cpp\bpython\src\python-3.12.2\pcbuild\obj\312amd64_debug\pythoncore\marshal.obj
e:\github3\cpp\bpython\src\python-3.12.2\pcbuild\obj\312amd64_debug\pythoncore\hacl_hash_sha1.obj
e:\github3\cpp\bpython\src\python-3.12.2\pcbuild\obj\312amd64_debug\pythoncore\itertoolsmodule.obj
e:\github3\cpp\bpython\src\python-3.12.2\pcbuild\obj\312amd64_debug\pythoncore\_iomodule.obj
e:\github3\cpp\bpython\src\python-3.12.2\pcbuild\obj\312amd64_debug\pythoncore\memoryobject.obj
e:\github3\cpp\bpython\src\python-3.12.2\pcbuild\obj\312amd64_debug\pythoncore\pyhash.obj
e:\github3\cpp\bpython\src\python-3.12.2\pcbuild\obj\312amd64_debug\pythoncore\errors.obj
e:\github3\cpp\bpython\src\python-3.12.2\pcbuild\obj\312amd64_debug\pythoncore\pyfpe.obj
e:\github3\cpp\bpython\src\python-3.12.2\pcbuild\obj\312amd64_debug\pythoncore\pystrtod.obj
e:\github3\cpp\bpython\src\python-3.12.2\pcbuild\obj\312amd64_debug\pythoncore\adler32.obj
e:\github3\cpp\bpython\src\python-3.12.2\pcbuild\obj\312amd64_debug\pythoncore\hacl_hash_md5.obj
e:\github3\cpp\bpython\src\python-3.12.2\pcbuild\obj\312amd64_debug\pythoncore\mathmodule.obj
e:\github3\cpp\bpython\src\python-3.12.2\pcbuild\obj\312amd64_debug\pythoncore\_codecs_hk.obj
e:\github3\cpp\bpython\src\python-3.12.2\pcbuild\obj\312amd64_debug\pythoncore\descrobject.obj
e:\github3\cpp\bpython\src\python-3.12.2\pcbuild\obj\312amd64_debug\pythoncore\myreadline.obj
e:\github3\cpp\bpython\src\python-3.12.2\pcbuild\obj\312amd64_debug\pythoncore\getcopyright.obj
e:\github3\cpp\bpython\src\python-3.12.2\pcbuild\obj\312amd64_debug\pythoncore\modsupport.obj
e:\github3\cpp\bpython\src\python-3.12.2\pcbuild\obj\312amd64_debug\pythoncore\_functoolsmodule.obj
e:\github3\cpp\bpython\src\python-3.12.2\pcbuild\obj\312amd64_debug\pythoncore\_statisticsmodule.obj
e:\github3\cpp\bpython\src\python-3.12.2\pcbuild\obj\312amd64_debug\pythoncore\enumobject.obj
e:\github3\cpp\bpython\src\python-3.12.2\pcbuild\obj\312amd64_debug\pythoncore\unicodectype.obj
e:\github3\cpp\bpython\src\python-3.12.2\pcbuild\obj\312amd64_debug\pythoncore\fileutils.obj
e:\github3\cpp\bpython\src\python-3.12.2\pcbuild\obj\312amd64_debug\pythoncore\specialize.obj
e:\github3\cpp\bpython\src\python-3.12.2\pcbuild\obj\312amd64_debug\pythoncore\_heapqmodule.obj
e:\github3\cpp\bpython\src\python-3.12.2\pcbuild\obj\312amd64_debug\pythoncore\posixmodule.obj
e:\github3\cpp\bpython\src\python-3.12.2\pcbuild\obj\312amd64_debug\pythoncore\namespaceobject.obj
e:\github3\cpp\bpython\src\python-3.12.2\pcbuild\obj\312amd64_debug\pythoncore\rangeobject.obj
e:\github3\cpp\bpython\src\python-3.12.2\pcbuild\obj\312amd64_debug\pythoncore\dynamic_annotations.obj
e:\github3\cpp\bpython\src\python-3.12.2\pcbuild\obj\312amd64_debug\pythoncore\python-ast.obj
e:\github3\cpp\bpython\src\python-3.12.2\pcbuild\obj\312amd64_debug\pythoncore\hacl_hash_sha3.obj
e:\github3\cpp\bpython\src\python-3.12.2\pcbuild\obj\312amd64_debug\pythoncore\main.obj
e:\github3\cpp\bpython\src\python-3.12.2\pcbuild\obj\312amd64_debug\pythoncore\bufferedio.obj
e:\github3\cpp\bpython\src\python-3.12.2\pcbuild\obj\312amd64_debug\pythoncore\funcobject.obj
e:\github3\cpp\bpython\src\python-3.12.2\pcbuild\obj\312amd64_debug\pythoncore\invalid_parameter_handler.obj
e:\github3\cpp\bpython\src\python-3.12.2\pcbuild\obj\312amd64_debug\pythoncore\ast.obj
e:\github3\cpp\bpython\src\python-3.12.2\pcbuild\obj\312amd64_debug\pythoncore\legacy_tracing.obj
e:\github3\cpp\bpython\src\python-3.12.2\pcbuild\obj\312amd64_debug\pythoncore\trees.obj
e:\github3\cpp\bpython\src\python-3.12.2\pcbuild\obj\312amd64_debug\pythoncore\gcmodule.obj
e:\github3\cpp\bpython\src\python-3.12.2\pcbuild\obj\312amd64_debug\pythoncore\_tracemalloc.obj
e:\github3\cpp\bpython\src\python-3.12.2\pcbuild\obj\312amd64_debug\pythoncore\_winapi.obj
e:\github3\cpp\bpython\src\python-3.12.2\pcbuild\obj\312amd64_debug\pythoncore\ceval.obj
e:\github3\cpp\bpython\src\python-3.12.2\pcbuild\obj\312amd64_debug\pythoncore\_weakref.obj
e:\github3\cpp\bpython\src\python-3.12.2\pcbuild\obj\312amd64_debug\pythoncore\_opcode.obj
e:\github3\cpp\bpython\src\python-3.12.2\pcbuild\obj\312amd64_debug\pythoncore\boolobject.obj
e:\github3\cpp\bpython\src\python-3.12.2\pcbuild\obj\312amd64_debug\pythoncore\sliceobject.obj
e:\github3\cpp\bpython\src\python-3.12.2\pcbuild\obj\312amd64_debug\pythoncore\formatter_unicode.obj
e:\github3\cpp\bpython\src\python-3.12.2\pcbuild\obj\312amd64_debug\pythoncore\pythonrun.obj
e:\github3\cpp\bpython\src\python-3.12.2\pcbuild\obj\312amd64_debug\pythoncore\cmathmodule.obj
e:\github3\cpp\bpython\src\python-3.12.2\pcbuild\obj\312amd64_debug\pythoncore\xxsubtype.obj
e:\github3\cpp\bpython\src\python-3.12.2\pcbuild\obj\312amd64_debug\pythoncore\_codecs_jp.obj
e:\github3\cpp\bpython\src\python-3.12.2\pcbuild\obj\312amd64_debug\pythoncore\methodobject.obj
e:\github3\cpp\bpython\src\python-3.12.2\pcbuild\obj\312amd64_debug\pythoncore\action_helpers.obj
e:\github3\cpp\bpython\src\python-3.12.2\pcbuild\obj\312amd64_debug\pythoncore\hamt.obj
e:\github3\cpp\bpython\src\python-3.12.2\pcbuild\obj\312amd64_debug\pythoncore\blake2module.obj
e:\github3\cpp\bpython\src\python-3.12.2\pcbuild\obj\312amd64_debug\pythoncore\textio.obj
e:\github3\cpp\bpython\src\python-3.12.2\pcbuild\obj\312amd64_debug\pythoncore\iterobject.obj
e:\github3\cpp\bpython\src\python-3.12.2\pcbuild\obj\312amd64_debug\pythoncore\winreg.obj
e:\github3\cpp\bpython\src\python-3.12.2\pcbuild\obj\312amd64_debug\pythoncore\hashtable.obj
e:\github3\cpp\bpython\src\python-3.12.2\pcbuild\obj\312amd64_debug\pythoncore\pytime.obj
e:\github3\cpp\bpython\src\python-3.12.2\pcbuild\obj\312amd64_debug\pythoncore\faulthandler.obj
e:\github3\cpp\bpython\src\python-3.12.2\pcbuild\obj\312amd64_debug\pythoncore\sha3module.obj
e:\github3\cpp\bpython\src\python-3.12.2\pcbuild\obj\312amd64_debug\pythoncore\complexobject.obj
e:\github3\cpp\bpython\src\python-3.12.2\pcbuild\obj\312amd64_debug\pythoncore\typevarobject.obj
e:\github3\cpp\bpython\src\python-3.12.2\pcbuild\obj\312amd64_debug\pythoncore\getcompiler.obj
e:\github3\cpp\bpython\src\python-3.12.2\pcbuild\obj\312amd64_debug\pythoncore\mysnprintf.obj
e:\github3\cpp\bpython\src\python-3.12.2\pcbuild\obj\312amd64_debug\pythoncore\suggestions.obj
e:\github3\cpp\bpython\src\python-3.12.2\pcbuild\obj\312amd64_debug\pythoncore\_json.obj
e:\github3\cpp\bpython\src\python-3.12.2\pcbuild\obj\312amd64_debug\pythoncore\_typingmodule.obj
e:\github3\cpp\bpython\src\python-3.12.2\pcbuild\obj\312amd64_debug\pythoncore\bytearrayobject.obj
e:\github3\cpp\bpython\src\python-3.12.2\pcbuild\obj\312amd64_debug\pythoncore\unionobject.obj
e:\github3\cpp\bpython\src\python-3.12.2\pcbuild\obj\312amd64_debug\pythoncore\getplatform.obj
e:\github3\cpp\bpython\src\python-3.12.2\pcbuild\obj\312amd64_debug\pythoncore\pyarena.obj
e:\github3\cpp\bpython\src\python-3.12.2\pcbuild\obj\312amd64_debug\pythoncore\thread.obj
e:\github3\cpp\bpython\src\python-3.12.2\pcbuild\obj\312amd64_debug\pythoncore\atexitmodule.obj
e:\github3\cpp\bpython\src\python-3.12.2\pcbuild\obj\312amd64_debug\pythoncore\timemodule.obj
e:\github3\cpp\bpython\src\python-3.12.2\pcbuild\obj\312amd64_debug\pythoncore\dictobject.obj
e:\github3\cpp\bpython\src\python-3.12.2\pcbuild\obj\312amd64_debug\pythoncore\pegen.obj
e:\github3\cpp\bpython\src\python-3.12.2\pcbuild\obj\312amd64_debug\pythoncore\getversion.obj
e:\github3\cpp\bpython\src\python-3.12.2\pcbuild\obj\312amd64_debug\pythoncore\pyctype.obj
e:\github3\cpp\bpython\src\python-3.12.2\pcbuild\obj\312amd64_debug\pythoncore\tracemalloc.obj
e:\github3\cpp\bpython\src\python-3.12.2\pcbuild\obj\312amd64_debug\pythoncore\blake2b_impl.obj
e:\github3\cpp\bpython\src\python-3.12.2\pcbuild\obj\312amd64_debug\pythoncore\multibytecodec.obj
e:\github3\cpp\bpython\src\python-3.12.2\pcbuild\obj\312amd64_debug\pythoncore\picklebufobject.obj
e:\github3\cpp\bpython\src\python-3.12.2\pcbuild\obj\312amd64_debug\pythoncore\parser.obj
e:\github3\cpp\bpython\src\python-3.12.2\pcbuild\obj\312amd64_debug\pythoncore\pymath.obj
e:\github3\cpp\bpython\src\python-3.12.2\pcbuild\obj\312amd64_debug\pythoncore\traceback.obj
e:\github3\cpp\bpython\src\python-3.12.2\pcbuild\obj\312amd64_debug\pythoncore\_datetimemodule.obj
e:\github3\cpp\bpython\src\python-3.12.2\pcbuild\obj\312amd64_debug\pythoncore\winconsoleio.obj
e:\github3\cpp\bpython\src\python-3.12.2\pcbuild\obj\312amd64_debug\pythoncore\moduleobject.obj
e:\github3\cpp\bpython\src\python-3.12.2\pcbuild\obj\312amd64_debug\pythoncore\_warnings.obj
e:\github3\cpp\bpython\src\python-3.12.2\pcbuild\obj\312amd64_debug\pythoncore\importdl.obj
e:\github3\cpp\bpython\src\python-3.12.2\pcbuild\obj\312amd64_debug\pythoncore\compress.obj
e:\github3\cpp\bpython\src\python-3.12.2\pcbuild\obj\312amd64_debug\pythoncore\dl_nt.obj
e:\github3\cpp\bpython\src\python-3.12.2\pcbuild\obj\312amd64_debug\pythoncore\hacl_hash_sha2.obj
e:\github3\cpp\bpython\src\python-3.12.2\pcbuild\obj\312amd64_debug\pythoncore\md5module.obj
e:\github3\cpp\bpython\src\python-3.12.2\pcbuild\obj\312amd64_debug\pythoncore\_codecs_tw.obj
e:\github3\cpp\bpython\src\python-3.12.2\pcbuild\obj\312amd64_debug\pythoncore\listobject.obj
e:\github3\cpp\bpython\src\python-3.12.2\pcbuild\obj\312amd64_debug\pythoncore\asdl.obj
e:\github3\cpp\bpython\src\python-3.12.2\pcbuild\obj\312amd64_debug\pythoncore\frame.obj
e:\github3\cpp\bpython\src\python-3.12.2\pcbuild\obj\312amd64_debug\pythoncore\python-tokenize.obj
e:\github3\cpp\bpython\src\python-3.12.2\pcbuild\obj\312amd64_debug\pythoncore\_struct.obj
e:\github3\cpp\bpython\src\python-3.12.2\pcbuild\obj\312amd64_debug\pythoncore\bytesio.obj
e:\github3\cpp\bpython\src\python-3.12.2\pcbuild\obj\312amd64_debug\pythoncore\interpreteridobject.obj
e:\github3\cpp\bpython\src\python-3.12.2\pcbuild\obj\312amd64_debug\pythoncore\weakrefobject.obj
e:\github3\cpp\bpython\src\python-3.12.2\pcbuild\obj\312amd64_debug\pythoncore\ceval_gil.obj
e:\github3\cpp\bpython\src\python-3.12.2\pcbuild\obj\312amd64_debug\pythoncore\zlibmodule.obj
e:\github3\cpp\bpython\src\python-3.12.2\pcbuild\obj\312amd64_debug\pythoncore\_collectionsmodule.obj
e:\github3\cpp\bpython\src\python-3.12.2\pcbuild\obj\312amd64_debug\pythoncore\_threadmodule.obj
e:\github3\cpp\bpython\src\python-3.12.2\pcbuild\obj\312amd64_debug\pythoncore\call.obj
e:\github3\cpp\bpython\src\python-3.12.2\pcbuild\obj\312amd64_debug\pythoncore\structseq.obj
e:\github3\cpp\bpython\src\python-3.12.2\pcbuild\obj\312amd64_debug\pythoncore\flowgraph.obj
e:\github3\cpp\bpython\src\python-3.12.2\pcbuild\obj\312amd64_debug\pythoncore\instrumentation.obj
e:\github3\cpp\bpython\src\python-3.12.2\pcbuild\obj\312amd64_debug\pythoncore\_abc.obj
e:\github3\cpp\bpython\src\python-3.12.2\pcbuild\obj\312amd64_debug\pythoncore\rotatingtree.obj
e:\github3\cpp\bpython\src\python-3.12.2\pcbuild\obj\312amd64_debug\pythoncore\stringio.obj
e:\github3\cpp\bpython\src\python-3.12.2\pcbuild\obj\312amd64_debug\pythoncore\floatobject.obj
e:\github3\cpp\bpython\src\python-3.12.2\pcbuild\obj\312amd64_debug\pythoncore\msvcrtmodule.obj
e:\github3\cpp\bpython\src\python-3.12.2\pcbuild\obj\312amd64_debug\pythoncore\pylifecycle.obj
e:\github3\cpp\bpython\src\python-3.12.2\pcbuild\obj\312amd64_debug\pythoncore\_randommodule.obj
e:\github3\cpp\bpython\src\python-3.12.2\pcbuild\obj\312amd64_debug\pythoncore\_xxinterpchannelsmodule.obj
e:\github3\cpp\bpython\src\python-3.12.2\pcbuild\obj\312amd64_debug\pythoncore\exceptions.obj
e:\github3\cpp\bpython\src\python-3.12.2\pcbuild\obj\312amd64_debug\pythoncore\peg_api.obj
e:\github3\cpp\bpython\src\python-3.12.2\pcbuild\obj\312amd64_debug\pythoncore\context.obj
e:\github3\cpp\bpython\src\python-3.12.2\pcbuild\obj\312amd64_debug\pythoncore\pystate.obj
e:\github3\cpp\bpython\src\python-3.12.2\pcbuild\obj\312amd64_debug\pythoncore\_contextvarsmodule.obj
e:\github3\cpp\bpython\src\python-3.12.2\pcbuild\obj\312amd64_debug\pythoncore\mmapmodule.obj
e:\github3\cpp\bpython\src\python-3.12.2\pcbuild\obj\312amd64_debug\pythoncore\longobject.obj
e:\github3\cpp\bpython\src\python-3.12.2\pcbuild\obj\312amd64_debug\pythoncore\ast_unparse.obj
e:\github3\cpp\bpython\src\python-3.12.2\pcbuild\obj\312amd64_debug\pythoncore\mystrtoul.obj
e:\github3\cpp\bpython\src\python-3.12.2\pcbuild\obj\312amd64_debug\pythoncore\inflate.obj
e:\github3\cpp\bpython\src\python-3.12.2\pcbuild\obj\312amd64_debug\pythoncore\blake2s_impl.obj
e:\github3\cpp\bpython\src\python-3.12.2\pcbuild\obj\312amd64_debug\pythoncore\_codecs_kr.obj
e:\github3\cpp\bpython\src\python-3.12.2\pcbuild\obj\312amd64_debug\pythoncore\fileobject.obj
e:\github3\cpp\bpython\src\python-3.12.2\pcbuild\obj\312amd64_debug\pythoncore\unicodeobject.obj
e:\github3\cpp\bpython\src\python-3.12.2\pcbuild\obj\312amd64_debug\pythoncore\pystrcmp.obj
e:\github3\cpp\bpython\src\python-3.12.2\pcbuild\obj\312amd64_debug\pythoncore\crc32.obj
e:\github3\cpp\bpython\src\python-3.12.2\pcbuild\obj\312amd64_debug\pythoncore\_lsprof.obj
e:\github3\cpp\bpython\src\python-3.12.2\pcbuild\obj\312amd64_debug\pythoncore\symtablemodule.obj
e:\github3\cpp\bpython\src\python-3.12.2\pcbuild\obj\312amd64_debug\pythoncore\cellobject.obj
e:\github3\cpp\bpython\src\python-3.12.2\pcbuild\obj\312amd64_debug\pythoncore\tupleobject.obj
e:\github3\cpp\bpython\src\python-3.12.2\pcbuild\obj\312amd64_debug\pythoncore\getargs.obj
e:\github3\cpp\bpython\src\python-3.12.2\pcbuild\obj\312amd64_debug\pythoncore\structmember.obj
e:\github3\cpp\bpython\src\python-3.12.2\pcbuild\obj\312amd64_debug\pythoncore\uncompr.obj
e:\github3\cpp\bpython\src\python-3.12.2\pcbuild\obj\312amd64_debug\pythoncore\_codecsmodule.obj
e:\github3\cpp\bpython\src\python-3.12.2\pcbuild\obj\312amd64_debug\pythoncore\_codecs_iso2022.obj
e:\github3\cpp\bpython\src\python-3.12.2\pcbuild\obj\312amd64_debug\pythoncore\abstract.obj
e:\github3\cpp\bpython\src\python-3.12.2\pcbuild\obj\312amd64_debug\pythoncore\typeobject.obj
e:\github3\cpp\bpython\src\python-3.12.2\pcbuild\obj\312amd64_debug\pythoncore\initconfig.obj
e:\github3\cpp\bpython\src\python-3.12.2\pcbuild\obj\312amd64_debug\pythoncore\zutil.obj
e:\github3\cpp\bpython\src\python-3.12.2\pcbuild\obj\312amd64_debug\pythoncore\arraymodule.obj
e:\github3\cpp\bpython\src\python-3.12.2\pcbuild\obj\312amd64_debug\pythoncore\fileio.obj
e:\github3\cpp\bpython\src\python-3.12.2\pcbuild\obj\312amd64_debug\pythoncore\frameobject.obj
e:\github3\cpp\bpython\src\python-3.12.2\pcbuild\obj\312amd64_debug\pythoncore\pegen_errors.obj
e:\github3\cpp\bpython\src\python-3.12.2\pcbuild\obj\312amd64_debug\pythoncore\codecs.obj
e:\github3\cpp\bpython\src\python-3.12.2\pcbuild\obj\312amd64_debug\pythoncore\pystrhex.obj
e:\github3\cpp\bpython\src\python-3.12.2\pcbuild\obj\312amd64_debug\pythoncore\infback.obj
e:\github3\cpp\bpython\src\python-3.12.2\pcbuild\obj\312amd64_debug\pythoncore\_stat.obj
e:\github3\cpp\bpython\src\python-3.12.2\pcbuild\obj\312amd64_debug\pythoncore\_codecs_cn.obj
e:\github3\cpp\bpython\src\python-3.12.2\pcbuild\obj\312amd64_debug\pythoncore\codeobject.obj
e:\github3\cpp\bpython\src\python-3.12.2\pcbuild\obj\312amd64_debug\pythoncore\tokenizer.obj
e:\github3\cpp\bpython\src\python-3.12.2\pcbuild\obj\312amd64_debug\pythoncore\getopt.obj
e:\github3\cpp\bpython\src\python-3.12.2\pcbuild\obj\312amd64_debug\pythoncore\perf_trampoline.obj
e:\github3\cpp\bpython\src\python-3.12.2\pcbuild\obj\312amd64_debug\pythoncore\_pickle.obj
e:\github3\cpp\bpython\src\python-3.12.2\pcbuild\obj\312amd64_debug\pythoncore\iobase.obj
e:\github3\cpp\bpython\src\python-3.12.2\pcbuild\obj\312amd64_debug\pythoncore\genericaliasobject.obj
e:\github3\cpp\bpython\src\python-3.12.2\pcbuild\obj\312amd64_debug\pythoncore\config.obj
e:\github3\cpp\bpython\src\python-3.12.2\pcbuild\obj\312amd64_debug\pythoncore\compile.obj
e:\github3\cpp\bpython\src\python-3.12.2\pcbuild\obj\312amd64_debug\pythoncore\symtable.obj
e:\github3\cpp\bpython\src\python-3.12.2\pcbuild\obj\312amd64_debug\pythoncore\audioop.obj
e:\github3\cpp\bpython\src\python-3.12.2\pcbuild\obj\312amd64_debug\pythoncore\_xxsubinterpretersmodule.obj
e:\github3\cpp\bpython\src\python-3.12.2\pcbuild\obj\312amd64_debug\pythoncore\classobject.obj
e:\github3\cpp\bpython\src\python-3.12.2\pcbuild\obj\312amd64_debug\pythoncore\setobject.obj
e:\github3\cpp\bpython\src\python-3.12.2\pcbuild\obj\312amd64_debug\pythoncore\future.obj
e:\github3\cpp\bpython\src\python-3.12.2\pcbuild\obj\312amd64_debug\pythoncore\intrinsics.obj
e:\github3\cpp\bpython\src\python-3.12.2\pcbuild\obj\312amd64_debug\pythoncore\inftrees.obj
e:\github3\cpp\bpython\src\python-3.12.2\pcbuild\obj\312amd64_debug\pythoncore\binascii.obj
e:\github3\cpp\bpython\src\python-3.12.2\pcbuild\obj\312amd64_debug\pythoncore\getbuildinfo.obj
e:\github3\cpp\bpython\src\python-3.12.2\pcbuild\obj\312amd64_debug\pythoncore\sysmodule.obj
e:\github3\cpp\bpython\src\python-3.12.2\pcbuild\obj\312amd64_debug\pythoncore\deflate.obj
e:\github3\cpp\bpython\src\python-3.12.2\pcbuild\obj\312amd64_debug\pythoncore\deepfreeze.obj
e:\github3\cpp\bpython\src\python-3.12.2\pcbuild\obj\312amd64_debug\pythoncore\python_nt.res
e:\github3\cpp\bpython\src\python-3.12.2\pcbuild\amd64\python312_d.pdb
e:\github3\cpp\bpython\src\python-3.12.2\pcbuild\obj\312amd64_debug\pythoncore\pythoncore.tlog\cl.command.1.tlog
e:\github3\cpp\bpython\src\python-3.12.2\pcbuild\obj\312amd64_debug\pythoncore\pythoncore.tlog\cl.read.1.tlog
e:\github3\cpp\bpython\src\python-3.12.2\pcbuild\obj\312amd64_debug\pythoncore\pythoncore.tlog\cl.write.1.tlog
e:\github3\cpp\bpython\src\python-3.12.2\pcbuild\obj\312amd64_debug\pythoncore\pythoncore.tlog\link-cvtres.read.1.tlog
e:\github3\cpp\bpython\src\python-3.12.2\pcbuild\obj\312amd64_debug\pythoncore\pythoncore.tlog\link-cvtres.write.1.tlog
e:\github3\cpp\bpython\src\python-3.12.2\pcbuild\obj\312amd64_debug\pythoncore\pythoncore.tlog\link.command.1.tlog
e:\github3\cpp\bpython\src\python-3.12.2\pcbuild\obj\312amd64_debug\pythoncore\pythoncore.tlog\link.read.1.tlog
e:\github3\cpp\bpython\src\python-3.12.2\pcbuild\obj\312amd64_debug\pythoncore\pythoncore.tlog\link.write.1.tlog
e:\github3\cpp\bpython\src\python-3.12.2\pcbuild\obj\312amd64_debug\pythoncore\pythoncore.tlog\rc.command.1.tlog
e:\github3\cpp\bpython\src\python-3.12.2\pcbuild\obj\312amd64_debug\pythoncore\pythoncore.tlog\rc.read.1.tlog
e:\github3\cpp\bpython\src\python-3.12.2\pcbuild\obj\312amd64_debug\pythoncore\pythoncore.tlog\rc.write.1.tlog
